<?xml version="1.0" encoding="UTF-8"?>
<!-- Generated by org.testng.reporters.JUnitXMLReporter -->
<testsuite hostname="LAPTOP-NES65AAG" ignored="0" name="Default test" tests="3" failures="0" timestamp="14 Jun 2020 10:53:56 GMT" time="46.145" errors="0">
  <testcase name="@BeforeMethod setUp" time="16.986" classname="com.priya.SeleniumDemo.LoginTC_001">
    <failure type="org.openqa.selenium.SessionNotCreatedException" message="session not created
from chrome not reachable
  (Session info: chrome=83.0.4103.97)
Build info: version: &amp;apos;3.14.0&amp;apos;, revision: &amp;apos;aacccce0&amp;apos;, time: &amp;apos;2018-08-02T20:19:58.91Z&amp;apos;
System info: host: &amp;apos;LAPTOP-NES65AAG&amp;apos;, ip: &amp;apos;192.168.0.12&amp;apos;, os.name: &amp;apos;Windows 10&amp;apos;, os.arch: &amp;apos;amd64&amp;apos;, os.version: &amp;apos;10.0&amp;apos;, java.version: &amp;apos;1.8.0_251&amp;apos;
Driver info: driver.version: ChromeDriver
remote stacktrace: Backtrace:
	Ordinal0 [0x00959563+2725219]
	Ordinal0 [0x00858551+1672529]
	Ordinal0 [0x00740202+524802]
	Ordinal0 [0x007399B2+498098]
	Ordinal0 [0x0073A09B+499867]
	Ordinal0 [0x0073AFF5+503797]
	Ordinal0 [0x00736994+485780]
	Ordinal0 [0x00740FF0+528368]
	Ordinal0 [0x006ED6C9+186057]
	Ordinal0 [0x006ECA3D+182845]
	Ordinal0 [0x006EA94B+174411]
	Ordinal0 [0x006D2528+75048]
	Ordinal0 [0x006D35A0+79264]
	Ordinal0 [0x006D3539+79161]
	Ordinal0 [0x0086D607+1758727]
	GetHandleVerifier [0x00A76546+1050150]
	GetHandleVerifier [0x00A76291+1049457]
	GetHandleVerifier [0x00A810D7+1094071]
	GetHandleVerifier [0x00A76B46+1051686]
	Ordinal0 [0x00865B06+1727238]
	Ordinal0 [0x0086EB7B+1764219]
	Ordinal0 [0x0086ECE3+1764579]
	Ordinal0 [0x00884C05+1854469]
	BaseThreadInitThunk [0x77106359+25]
	RtlGetAppContainerNamedObjectPath [0x77A17C24+228]
	RtlGetAppContainerNamedObjectPath [0x77A17BF4+180]
">
      <![CDATA[org.openqa.selenium.SessionNotCreatedException: session not created
from chrome not reachable
  (Session info: chrome=83.0.4103.97)
Build info: version: '3.14.0', revision: 'aacccce0', time: '2018-08-02T20:19:58.91Z'
System info: host: 'LAPTOP-NES65AAG', ip: '192.168.0.12', os.name: 'Windows 10', os.arch: 'amd64', os.version: '10.0', java.version: '1.8.0_251'
Driver info: driver.version: ChromeDriver
remote stacktrace: Backtrace:
Ordinal0 [0x00959563+2725219]
Ordinal0 [0x00858551+1672529]
Ordinal0 [0x00740202+524802]
Ordinal0 [0x007399B2+498098]
Ordinal0 [0x0073A09B+499867]
Ordinal0 [0x0073AFF5+503797]
Ordinal0 [0x00736994+485780]
Ordinal0 [0x00740FF0+528368]
Ordinal0 [0x006ED6C9+186057]
Ordinal0 [0x006ECA3D+182845]
Ordinal0 [0x006EA94B+174411]
Ordinal0 [0x006D2528+75048]
Ordinal0 [0x006D35A0+79264]
Ordinal0 [0x006D3539+79161]
Ordinal0 [0x0086D607+1758727]
GetHandleVerifier [0x00A76546+1050150]
GetHandleVerifier [0x00A76291+1049457]
GetHandleVerifier [0x00A810D7+1094071]
GetHandleVerifier [0x00A76B46+1051686]
Ordinal0 [0x00865B06+1727238]
Ordinal0 [0x0086EB7B+1764219]
Ordinal0 [0x0086ECE3+1764579]
Ordinal0 [0x00884C05+1854469]
BaseThreadInitThunk [0x77106359+25]
RtlGetAppContainerNamedObjectPath [0x77A17C24+228]
RtlGetAppContainerNamedObjectPath [0x77A17BF4+180]

at sun.reflect.NativeConstructorAccessorImpl.newInstance0(Native Method)
at sun.reflect.NativeConstructorAccessorImpl.newInstance(NativeConstructorAccessorImpl.java:62)
at sun.reflect.DelegatingConstructorAccessorImpl.newInstance(DelegatingConstructorAccessorImpl.java:45)
at java.lang.reflect.Constructor.newInstance(Constructor.java:423)
at org.openqa.selenium.remote.W3CHandshakeResponse.lambda$new$0(W3CHandshakeResponse.java:57)
at org.openqa.selenium.remote.W3CHandshakeResponse.lambda$getResponseFunction$2(W3CHandshakeResponse.java:104)
at org.openqa.selenium.remote.ProtocolHandshake.lambda$createSession$0(ProtocolHandshake.java:122)
at java.util.stream.ReferencePipeline$3$1.accept(ReferencePipeline.java:193)
at java.util.Spliterators$ArraySpliterator.tryAdvance(Spliterators.java:958)
at java.util.stream.ReferencePipeline.forEachWithCancel(ReferencePipeline.java:126)
at java.util.stream.AbstractPipeline.copyIntoWithCancel(AbstractPipeline.java:499)
at java.util.stream.AbstractPipeline.copyInto(AbstractPipeline.java:486)
at java.util.stream.AbstractPipeline.wrapAndCopyInto(AbstractPipeline.java:472)
at java.util.stream.FindOps$FindOp.evaluateSequential(FindOps.java:152)
at java.util.stream.AbstractPipeline.evaluate(AbstractPipeline.java:234)
at java.util.stream.ReferencePipeline.findFirst(ReferencePipeline.java:464)
at org.openqa.selenium.remote.ProtocolHandshake.createSession(ProtocolHandshake.java:125)
at org.openqa.selenium.remote.ProtocolHandshake.createSession(ProtocolHandshake.java:73)
at org.openqa.selenium.remote.HttpCommandExecutor.execute(HttpCommandExecutor.java:136)
at org.openqa.selenium.remote.service.DriverCommandExecutor.execute(DriverCommandExecutor.java:83)
at org.openqa.selenium.remote.RemoteWebDriver.execute(RemoteWebDriver.java:548)
at org.openqa.selenium.remote.RemoteWebDriver.startSession(RemoteWebDriver.java:212)
at org.openqa.selenium.remote.RemoteWebDriver.<init>(RemoteWebDriver.java:130)
at org.openqa.selenium.chrome.ChromeDriver.<init>(ChromeDriver.java:181)
at org.openqa.selenium.chrome.ChromeDriver.<init>(ChromeDriver.java:168)
at org.openqa.selenium.chrome.ChromeDriver.<init>(ChromeDriver.java:123)
at com.priya.SeleniumDemo.LoginTC_001.setUp(LoginTC_001.java:25)
at sun.reflect.NativeMethodAccessorImpl.invoke0(Native Method)
at sun.reflect.NativeMethodAccessorImpl.invoke(NativeMethodAccessorImpl.java:62)
at sun.reflect.DelegatingMethodAccessorImpl.invoke(DelegatingMethodAccessorImpl.java:43)
at java.lang.reflect.Method.invoke(Method.java:498)
at org.testng.internal.MethodInvocationHelper.invokeMethod(MethodInvocationHelper.java:124)
at org.testng.internal.MethodInvocationHelper.invokeMethodConsideringTimeout(MethodInvocationHelper.java:59)
at org.testng.internal.Invoker.invokeConfigurationMethod(Invoker.java:458)
at org.testng.internal.Invoker.invokeConfigurations(Invoker.java:222)
at org.testng.internal.Invoker.invokeMethod(Invoker.java:523)
at org.testng.internal.Invoker.invokeTestMethod(Invoker.java:719)
at org.testng.internal.Invoker.invokeTestMethods(Invoker.java:989)
at org.testng.internal.TestMethodWorker.invokeTestMethods(TestMethodWorker.java:125)
at org.testng.internal.TestMethodWorker.run(TestMethodWorker.java:109)
at org.testng.TestRunner.privateRun(TestRunner.java:648)
at org.testng.TestRunner.run(TestRunner.java:505)
at org.testng.SuiteRunner.runTest(SuiteRunner.java:455)
at org.testng.SuiteRunner.runSequentially(SuiteRunner.java:450)
at org.testng.SuiteRunner.privateRun(SuiteRunner.java:415)
at org.testng.SuiteRunner.run(SuiteRunner.java:364)
at org.testng.SuiteRunnerWorker.runSuite(SuiteRunnerWorker.java:52)
at org.testng.SuiteRunnerWorker.run(SuiteRunnerWorker.java:84)
at org.testng.TestNG.runSuitesSequentially(TestNG.java:1208)
at org.testng.TestNG.runSuitesLocally(TestNG.java:1137)
at org.testng.TestNG.runSuites(TestNG.java:1049)
at org.testng.TestNG.run(TestNG.java:1017)
at org.testng.remote.AbstractRemoteTestNG.run(AbstractRemoteTestNG.java:114)
at org.testng.remote.RemoteTestNG.initAndRun(RemoteTestNG.java:251)
at org.testng.remote.RemoteTestNG.main(RemoteTestNG.java:77)
]]>
    </failure>
  </testcase> <!-- @BeforeMethod setUp -->
  <testcase name="@AfterMethod tearDown" time="0.0" classname="com.priya.SeleniumDemo.LoginTC_001">
    <skipped/>
  </testcase> <!-- @AfterMethod tearDown -->
  <testcase name="@BeforeMethod setUp" time="0.0" classname="com.priya.SeleniumDemo.LoginTC_001">
    <skipped/>
  </testcase> <!-- @BeforeMethod setUp -->
  <testcase name="@AfterMethod tearDown" time="0.0" classname="com.priya.SeleniumDemo.LoginTC_001">
    <skipped/>
  </testcase> <!-- @AfterMethod tearDown -->
  <testcase name="verifyAddUser" time="16.59" classname="com.priya.SeleniumDemo.UserManagementTC_002"/>
  <testcase name="verifyTitile" time="0.0" classname="com.priya.SeleniumDemo.LoginTC_001">
    <skipped/>
  </testcase> <!-- verifyTitile -->
  <testcase name="verifyLogin" time="0.0" classname="com.priya.SeleniumDemo.LoginTC_001">
    <skipped/>
  </testcase> <!-- verifyLogin -->
</testsuite> <!-- Default test -->
